Reading netlist file: "C:\Users\CCTV\Documents\C1_2025\Electronica Digital\LAB\Pracica 3\Fpga\Parqueo_project\impl\gwsynthesis\Parqueo_project.vg"
Parsing netlist file "C:\Users\CCTV\Documents\C1_2025\Electronica Digital\LAB\Pracica 3\Fpga\Parqueo_project\impl\gwsynthesis\Parqueo_project.vg" completed
Processing netlist completed
Reading constraint file: "C:\Users\CCTV\Documents\C1_2025\Electronica Digital\LAB\Pracica 3\Fpga\Parqueo_project\src\Parqueo_project.cst"
Physical Constraint parsed completed
Running placement......
[10%] Placement Phase 0 completed
[20%] Placement Phase 1 completed
[30%] Placement Phase 2 completed
[50%] Placement Phase 3 completed
Running routing......
[60%] Routing Phase 0 completed
[70%] Routing Phase 1 completed
[80%] Routing Phase 2 completed
[90%] Routing Phase 3 completed
Running timing analysis......
[95%] Timing analysis completed
Placement and routing completed
Bitstream generation in progress......
Bitstream generation completed
Running power analysis......
[100%] Power analysis completed
Generate file "C:\Users\CCTV\Documents\C1_2025\Electronica Digital\LAB\Pracica 3\Fpga\Parqueo_project\impl\pnr\Parqueo_project.power.html" completed
Generate file "C:\Users\CCTV\Documents\C1_2025\Electronica Digital\LAB\Pracica 3\Fpga\Parqueo_project\impl\pnr\Parqueo_project.pin.html" completed
Generate file "C:\Users\CCTV\Documents\C1_2025\Electronica Digital\LAB\Pracica 3\Fpga\Parqueo_project\impl\pnr\Parqueo_project.rpt.html" completed
Generate file "C:\Users\CCTV\Documents\C1_2025\Electronica Digital\LAB\Pracica 3\Fpga\Parqueo_project\impl\pnr\Parqueo_project.rpt.txt" completed
Generate file "C:\Users\CCTV\Documents\C1_2025\Electronica Digital\LAB\Pracica 3\Fpga\Parqueo_project\impl\pnr\Parqueo_project.tr.html" completed
Tue Feb  4 11:33:03 2025

